<?xml version="1.0" encoding="utf-8"?><testsuites name="pytest tests"><testsuite name="pytest" errors="0" failures="0" skipped="0" tests="16" time="11.598" timestamp="2026-08-24T17:13:32.896184+00:00" hostname="agent-env-e4c11064-d6a8-46f6-aef9-82b52eb6f2c3"><testcase classname="tests.test_cv_professional" name="test_status_requires_auth" time="0.257" /><testcase classname="tests.test_cv_professional" name="test_budi_cannot_admin_stats" time="0.517" /><testcase classname="tests.test_cv_professional" name="test_budi_has_access" time="0.154" /><testcase classname="tests.test_cv_professional" name="test_budi_templates" time="0.164" /><testcase classname="tests.test_cv_professional" name="test_new_candidate_no_access_guard" time="0.810" /><testcase classname="tests.test_cv_professional" name="test_new_candidate_subscribe_and_admin_approve" time="1.623" /><testcase classname="tests.test_cv_professional" name="test_budi_cv_crud" time="1.268" /><testcase classname="tests.test_cv_professional" name="test_invalid_template_rejected" time="1.079" /><testcase classname="tests.test_cv_professional" name="test_import_pdf_parse" time="0.301" /><testcase classname="tests.test_cv_professional" name="test_import_wrong_format_rejected" time="0.192" /><testcase classname="tests.test_cv_professional" name="test_admin_stats" time="0.265" /><testcase classname="tests.test_cv_professional" name="test_admin_extend_siti" time="0.508" /><testcase classname="tests.test_cv_professional" name="test_admin_reject_pending" time="0.478" /><testcase classname="tests.test_cv_professional" name="test_payment_proof_file_auth" time="2.239" /><testcase classname="tests.test_cv_professional" name="test_admin_settings_update_and_revert" time="1.068" /><testcase classname="tests.test_cv_professional" name="test_admin_settings_validation" time="0.172" /></testsuite></testsuites>