<?xml version="1.0" encoding="utf-8"?><testsuites name="pytest tests"><testsuite name="pytest" errors="0" failures="0" skipped="0" tests="15" time="4.263" timestamp="2026-08-25T12:16:03.812430+00:00" hostname="agent-env-e4c11064-d6a8-46f6-aef9-82b52eb6f2c3"><testcase classname="tests.test_iteration13_umkm.TestRegression" name="test_meta" time="0.308" /><testcase classname="tests.test_iteration13_umkm.TestJobsFilterByEmployerType" name="test_jobs_filter_umkm" time="0.306" /><testcase classname="tests.test_iteration13_umkm.TestJobsFilterByEmployerType" name="test_jobs_filter_company" time="0.154" /><testcase classname="tests.test_iteration13_umkm.TestRegression" name="test_companies" time="0.154" /><testcase classname="tests.test_iteration13_umkm.TestJobsFilterByEmployerType" name="test_jobs_no_filter_returns_both" time="0.162" /><testcase classname="tests.test_iteration13_umkm.TestRegression" name="test_jobs_no_filter" time="0.142" /><testcase classname="tests.test_iteration13_umkm.TestJobsFilterByEmployerType" name="test_jobs_filter_umkm_search_laundry" time="0.364" /><testcase classname="tests.test_iteration13_umkm.TestJobDetailUmkmFields" name="test_umkm_job_detail_has_new_fields" time="0.556" /><testcase classname="tests.test_iteration13_umkm.TestRegression" name="test_candidate_apply_quota" time="0.586" /><testcase classname="tests.test_iteration13_umkm.TestAdminJobsFilter" name="test_admin_jobs_umkm" time="0.480" /><testcase classname="tests.test_iteration13_umkm.TestJobDetailUmkmFields" name="test_company_job_detail_has_employer_type_company" time="0.622" /><testcase classname="tests.test_iteration13_umkm.TestAdminJobsFilter" name="test_admin_jobs_company" time="0.125" /><testcase classname="tests.test_iteration13_umkm.TestPostAndApproveUmkmJob" name="test_post_umkm_then_admin_approve" time="2.080" /><testcase classname="tests.test_iteration13_umkm.TestCompanyStatsUmkm" name="test_umkm_company_stats" time="0.555" /><testcase classname="tests.test_iteration13_umkm.TestRegisterCompanyUmkm" name="test_register_company_umkm" time="0.913" /></testsuite></testsuites>