<?xml version="1.0" encoding="utf-8"?><testsuites name="pytest tests"><testsuite name="pytest" errors="0" failures="0" skipped="1" tests="12" time="5.085" timestamp="2026-08-24T08:04:53.043014+00:00" hostname="agent-env-e4c11064-d6a8-46f6-aef9-82b52eb6f2c3"><testcase classname="tests.test_iteration2" name="test_active_jobs_count_is_14" time="0.168" /><testcase classname="tests.test_iteration2" name="test_new_seeded_jobs_present" time="0.125" /><testcase classname="tests.test_iteration2" name="test_search_admin" time="0.176" /><testcase classname="tests.test_iteration2" name="test_search_cirebon_location_keyword" time="0.114" /><testcase classname="tests.test_iteration2" name="test_search_kasir" time="0.117" /><testcase classname="tests.test_iteration2" name="test_search_nonsense_returns_zero" time="0.115" /><testcase classname="tests.test_iteration2" name="test_combined_filters" time="0.127" /><testcase classname="tests.test_iteration2" name="test_admin_edit_preserves_status" time="1.405" /><testcase classname="tests.test_iteration2" name="test_company_cannot_edit_other_company_job" time="0.529" /><testcase classname="tests.test_iteration2" name="test_register_candidate_saves_role" time="0.456" /><testcase classname="tests.test_iteration2" name="test_register_company_saves_role" time="0.642" /><testcase classname="tests.test_iteration2" name="test_cv_anon_401_owner_200" time="0.579"><skipped type="pytest.skip" message="no CVs">/app/backend/tests/test_iteration2.py:194: no CVs</skipped></testcase></testsuite></testsuites>