<?xml version="1.0" encoding="utf-8"?><testsuites name="pytest tests"><testsuite name="pytest" errors="0" failures="0" skipped="5" tests="33" time="5.153" timestamp="2026-08-25T03:50:07.449926+00:00" hostname="agent-env-e4c11064-d6a8-46f6-aef9-82b52eb6f2c3"><testcase classname="tests.test_iteration8.TestStaffCRUD" name="test_create_admin" time="0.610" /><testcase classname="tests.test_iteration8.TestStaffCRUD" name="test_login_new_admin" time="0.317"><skipped type="pytest.skip" message="New admin login not usable: 403">/app/backend/tests/test_iteration8.py:209: New admin login not usable: 403</skipped></testcase><testcase classname="tests.test_iteration8.TestOverviewAnalytics" name="test_overview" time="0.940" /><testcase classname="tests.test_iteration8.TestStaffCRUD" name="test_new_admin_cannot_access_staff" time="0.001"><skipped type="pytest.skip" message="no token">/app/backend/tests/test_iteration8.py:214: no token</skipped></testcase><testcase classname="tests.test_iteration8.TestStaffCRUD" name="test_new_admin_cannot_put_settings" time="0.000"><skipped type="pytest.skip" message="no token">/app/backend/tests/test_iteration8.py:220: no token</skipped></testcase><testcase classname="tests.test_iteration8.TestStaffCRUD" name="test_new_admin_cannot_export" time="0.000"><skipped type="pytest.skip" message="no token">/app/backend/tests/test_iteration8.py:228: no token</skipped></testcase><testcase classname="tests.test_iteration8.TestStaffCRUD" name="test_new_admin_can_overview" time="0.000"><skipped type="pytest.skip" message="no token">/app/backend/tests/test_iteration8.py:234: no token</skipped></testcase><testcase classname="tests.test_iteration8.TestStaffCRUD" name="test_deactivate_admin_uji" time="0.146" /><testcase classname="tests.test_iteration8.TestOverviewAnalytics" name="test_growth" time="0.572" /><testcase classname="tests.test_iteration8.TestAuthorization" name="test_no_token" time="0.095" /><testcase classname="tests.test_iteration8.TestAuthorization" name="test_candidate_forbidden" time="0.489" /><testcase classname="tests.test_iteration8.TestOverviewAnalytics" name="test_funnel" time="0.108" /><testcase classname="tests.test_iteration8.TestOverviewAnalytics" name="test_market" time="0.119" /><testcase classname="tests.test_iteration8.TestOverviewAnalytics" name="test_talent" time="0.289" /><testcase classname="tests.test_iteration8.TestOverviewAnalytics" name="test_monetization" time="0.099" /><testcase classname="tests.test_iteration8.TestAuthorization" name="test_company_forbidden_monetization" time="0.515" /><testcase classname="tests.test_iteration8.TestOverviewAnalytics" name="test_live_activity_pagination" time="0.391" /><testcase classname="tests.test_iteration8.TestAuthorization" name="test_admin_can_access_overview" time="0.440" /><testcase classname="tests.test_iteration8.TestOverviewAnalytics" name="test_top_performers" time="0.107" /><testcase classname="tests.test_iteration8.TestAuthorization" name="test_admin_cannot_access_staff" time="0.119" /><testcase classname="tests.test_iteration8.TestOverviewAnalytics" name="test_search" time="0.098" /><testcase classname="tests.test_iteration8.TestOverviewAnalytics" name="test_audit_logs" time="0.104" /><testcase classname="tests.test_iteration8.TestAuthorization" name="test_owner_can_access_staff" time="0.094" /><testcase classname="tests.test_iteration8.TestOwner" name="test_owner_login_role" time="0.575" /><testcase classname="tests.test_iteration8.TestRegression" name="test_admin_login" time="0.319" /><testcase classname="tests.test_iteration8.TestRegression" name="test_company_login" time="0.510" /><testcase classname="tests.test_iteration8.TestOwner" name="test_owner_me" time="0.256" /><testcase classname="tests.test_iteration8.TestExport" name="test_export_companies_csv" time="0.328" /><testcase classname="tests.test_iteration8.TestRegression" name="test_candidate_login" time="0.325" /><testcase classname="tests.test_iteration8.TestRegression" name="test_jobs_list_public" time="0.117" /><testcase classname="tests.test_iteration8.TestExport" name="test_export_subscriptions" time="0.108" /><testcase classname="tests.test_iteration8.TestSettings" name="test_settings_get_put_restore" time="0.566" /><testcase classname="tests.test_iteration8.TestAuditFlow" name="test_add_category_creates_audit" time="0.212" /></testsuite></testsuites>