<?xml version="1.0" encoding="utf-8"?><testsuites name="pytest tests"><testsuite name="pytest" errors="0" failures="3" skipped="0" tests="27" time="8.689" timestamp="2026-08-25T02:24:36.656761+00:00" hostname="agent-env-e4c11064-d6a8-46f6-aef9-82b52eb6f2c3"><testcase classname="tests.test_iteration7.TestCompanyPlan" name="test_demo_launch_free" time="4.259" /><testcase classname="tests.test_iteration7.TestLaunchProgram" name="test_public_launch" time="4.163" /><testcase classname="tests.test_iteration7.TestLaunchProgram" name="test_admin_launch_status" time="0.166" /><testcase classname="tests.test_iteration7.TestLaunchProgram" name="test_admin_update_invalid" time="0.107" /><testcase classname="tests.test_iteration7.TestCompanyPlan" name="test_admin_activate_member_and_deactivate" time="0.532" /><testcase classname="tests.test_iteration7.TestLaunchProgram" name="test_admin_update_ok" time="0.164" /><testcase classname="tests.test_iteration7.TestSecurity" name="test_company_cannot_access_other_company_application" time="0.245" /><testcase classname="tests.test_iteration7.TestCompanyPlan" name="test_launch_ended_makes_free" time="0.397" /><testcase classname="tests.test_iteration7.TestSecurity" name="test_candidate_cannot_search" time="0.100" /><testcase classname="tests.test_iteration7.TestSecurity" name="test_anon_cannot_hit_admin" time="0.143" /><testcase classname="tests.test_iteration7.TestSecurity" name="test_free_company_403_on_gated" time="0.600" /><testcase classname="tests.test_iteration7.TestCompanyPlan" name="test_re_enable_launch" time="0.233"><failure message="assert 403 == 200&#10; +  where 403 = &lt;Response [403]&gt;.status_code">backend/tests/test_iteration7.py:174: in test_re_enable_launch
    assert r.status_code == 200
E   assert 403 == 200
E    +  where 403 = &lt;Response [403]&gt;.status_code</failure></testcase><testcase classname="tests.test_iteration7.TestCareerProfile" name="test_get_and_update" time="0.223" /><testcase classname="tests.test_iteration7.TestCareerProfile" name="test_invalid_visibility" time="0.104" /><testcase classname="tests.test_iteration7.TestApplyQuota" name="test_budi_pro_quota" time="0.183" /><testcase classname="tests.test_iteration7.TestQuickApply" name="test_needs_cv" time="0.260" /><testcase classname="tests.test_iteration7.TestApplyQuota" name="test_free_quota_limit" time="0.109" /><testcase classname="tests.test_iteration7.TestStats" name="test_company_stats" time="0.114" /><testcase classname="tests.test_iteration7.TestQuickApply" name="test_budi_quick_apply" time="0.976" /><testcase classname="tests.test_iteration7.TestStats" name="test_company_job_stats" time="0.107" /><testcase classname="tests.test_iteration7.TestJobAlerts" name="test_crud" time="0.382" /><testcase classname="tests.test_iteration7.TestCompanyApplicants" name="test_full_flow" time="0.580"><failure message="assert 403 == 200&#10; +  where 403 = &lt;Response [403]&gt;.status_code">backend/tests/test_iteration7.py:368: in test_full_flow
    assert r.status_code == 200
E   assert 403 == 200
E    +  where 403 = &lt;Response [403]&gt;.status_code</failure></testcase><testcase classname="tests.test_iteration7.TestSavedJobs" name="test_save_list_delete" time="0.571" /><testcase classname="tests.test_iteration7.TestCandidateSearch" name="test_search_and_invite" time="0.237"><failure message="assert 403 == 200&#10; +  where 403 = &lt;Response [403]&gt;.status_code">backend/tests/test_iteration7.py:427: in test_search_and_invite
    assert r.status_code == 200
E   assert 403 == 200
E    +  where 403 = &lt;Response [403]&gt;.status_code</failure></testcase><testcase classname="tests.test_iteration7.TestNotifications" name="test_list_and_read_all" time="0.496" /><testcase classname="tests.test_iteration7.TestApplications" name="test_candidate_timeline" time="0.247" /><testcase classname="tests.test_iteration7.TestAdminCareerPro" name="test_list" time="0.289" /></testsuite></testsuites>