<?xml version="1.0" encoding="utf-8"?><testsuites name="pytest tests"><testsuite name="pytest" errors="0" failures="0" skipped="0" tests="13" time="7.169" timestamp="2026-08-25T13:23:12.670825+00:00" hostname="agent-env-e4c11064-d6a8-46f6-aef9-82b52eb6f2c3"><testcase classname="tests.test_iteration15" name="test_security_headers_on_public_endpoint" time="0.331" /><testcase classname="tests.test_iteration15" name="test_get_jobs" time="0.184" /><testcase classname="tests.test_iteration15" name="test_get_meta" time="0.149" /><testcase classname="tests.test_iteration15" name="test_get_companies" time="0.153" /><testcase classname="tests.test_iteration15" name="test_login_budi_and_me" time="0.553" /><testcase classname="tests.test_iteration15" name="test_admin_login_and_admin_jobs" time="0.504" /><testcase classname="tests.test_iteration15" name="test_company_login_and_dashboard" time="0.391" /><testcase classname="tests.test_iteration15" name="test_my_cvs_lists_budi_cv" time="0.625" /><testcase classname="tests.test_iteration15" name="test_pdf_download_success" time="1.027" /><testcase classname="tests.test_iteration15" name="test_pdf_unauthorized" time="0.171" /><testcase classname="tests.test_iteration15" name="test_pdf_other_users_cv_returns_404" time="0.553" /><testcase classname="tests.test_iteration15" name="test_pdf_nonexistent_cv_returns_404" time="0.205" /><testcase classname="tests.test_iteration15" name="test_zzz_rate_limit_login" time="1.970" /></testsuite></testsuites>