<?xml version="1.0" encoding="utf-8"?><testsuites name="pytest tests"><testsuite name="pytest" errors="0" failures="0" skipped="0" tests="14" time="10.343" timestamp="2026-08-25T12:30:32.602419+00:00" hostname="agent-env-e4c11064-d6a8-46f6-aef9-82b52eb6f2c3"><testcase classname="tests.test_iteration14_password_reset" name="test_forgot_password_registered_email_returns_generic_200" time="0.318" /><testcase classname="tests.test_iteration14_password_reset" name="test_forgot_password_dedupe_pending" time="0.958" /><testcase classname="tests.test_iteration14_password_reset" name="test_forgot_password_admin_role_no_record_but_generic_response" time="0.435" /><testcase classname="tests.test_iteration14_password_reset" name="test_admin_password_resets_requires_auth" time="0.120" /><testcase classname="tests.test_iteration14_password_reset" name="test_admin_password_resets_forbidden_for_candidate" time="0.483" /><testcase classname="tests.test_iteration14_password_reset" name="test_admin_password_resets_ok_for_admin" time="0.122" /><testcase classname="tests.test_iteration14_password_reset" name="test_complete_password_too_short" time="0.273" /><testcase classname="tests.test_iteration14_password_reset" name="test_complete_flow_and_token_invalidation" time="3.002" /><testcase classname="tests.test_iteration14_password_reset" name="test_reject_flow" time="0.805" /><testcase classname="tests.test_iteration14_password_reset" name="test_auth_me_and_login_after_reset" time="0.495" /><testcase classname="tests.test_iteration14_password_reset" name="test_register_new_candidate_and_logout" time="0.524" /><testcase classname="tests.test_iteration14_password_reset" name="test_meta_and_jobs" time="0.304" /><testcase classname="tests.test_iteration14_password_reset" name="test_zz_cleanup_restore_budi_password" time="1.860" /><testcase classname="tests.test_iteration14_password_reset" name="test_zz_cleanup_reject_leftover_pending" time="0.306" /></testsuite></testsuites>