<?xml version="1.0" encoding="utf-8"?><testsuites name="pytest tests"><testsuite name="pytest" errors="0" failures="0" skipped="0" tests="19" time="9.836" timestamp="2026-08-25T11:31:07.839079+00:00" hostname="agent-env-e4c11064-d6a8-46f6-aef9-82b52eb6f2c3"><testcase classname="tests.test_iteration9.TestCodeAndValidate" name="test_budi_has_code" time="0.686" /><testcase classname="tests.test_iteration9.TestAuthorization" name="test_candidate_forbidden_admin_overview" time="0.747" /><testcase classname="tests.test_iteration9.TestCodeAndValidate" name="test_validate_valid" time="0.136" /><testcase classname="tests.test_iteration9.TestAuthorization" name="test_no_token_referral_me" time="0.118" /><testcase classname="tests.test_iteration9.TestCodeAndValidate" name="test_validate_invalid" time="0.154" /><testcase classname="tests.test_iteration9.TestAuthorization" name="test_scoped_to_login_user" time="0.668" /><testcase classname="tests.test_iteration9.TestCodeAndValidate" name="test_dewi_paused" time="0.627" /><testcase classname="tests.test_iteration9.TestCodeAndValidate" name="test_dewi_withdrawal_blocked" time="0.279" /><testcase classname="tests.test_iteration9.TestRegression" name="test_register_without_code" time="0.503" /><testcase classname="tests.test_iteration9.TestAuthorization" name="test_admin_can_access_referral_overview" time="0.730" /><testcase classname="tests.test_iteration9.TestRegression" name="test_all_role_login" time="1.724" /><testcase classname="tests.test_iteration9.TestAttributionAndCommission" name="test_new_user_attributed_to_budi" time="1.141" /><testcase classname="tests.test_iteration9.TestAttributionAndCommission" name="test_new_user_has_own_code" time="0.382" /><testcase classname="tests.test_iteration9.TestAttributionAndCommission" name="test_full_commission_flow" time="2.107" /><testcase classname="tests.test_iteration9.TestRegression" name="test_jobs_public" time="0.141" /><testcase classname="tests.test_iteration9.TestCompanyMemberNoCommission" name="test_company_subscribe_no_commission" time="1.704" /><testcase classname="tests.test_iteration9.TestSelfReferral" name="test_budi_no_self_referral_doc" time="0.566" /><testcase classname="tests.test_iteration9.TestWithdrawalFlow" name="test_withdrawal_full_flow" time="1.899" /><testcase classname="tests.test_iteration9.TestRefundProtection" name="test_cancel_subscription_cancels_commission" time="1.696" /></testsuite></testsuites>