<?xml version="1.0" encoding="utf-8"?><testsuites name="pytest tests"><testsuite name="pytest" errors="0" failures="0" skipped="0" tests="7" time="6.597" timestamp="2026-08-25T16:22:44.950066+00:00" hostname="agent-env-e4c11064-d6a8-46f6-aef9-82b52eb6f2c3"><testcase classname="tests.test_iteration16" name="test_candidate_applications_has_company_logo_and_location" time="0.737" /><testcase classname="tests.test_iteration16" name="test_candidate_stats" time="0.212" /><testcase classname="tests.test_iteration16" name="test_candidate_recommendations" time="0.202" /><testcase classname="tests.test_iteration16" name="test_cv_professional_my_cvs" time="0.182" /><testcase classname="tests.test_iteration16" name="test_saved_jobs_ids" time="0.139" /><testcase classname="tests.test_iteration16" name="test_career_profile" time="0.240" /><testcase classname="tests.test_iteration16" name="test_change_password_full_flow" time="4.530" /></testsuite></testsuites>