<?xml version="1.0" encoding="utf-8"?><testsuites name="pytest tests"><testsuite name="pytest" errors="0" failures="0" skipped="0" tests="27" time="10.202" timestamp="2026-08-24T17:47:38.487530+00:00" hostname="agent-env-e4c11064-d6a8-46f6-aef9-82b52eb6f2c3"><testcase classname="tests.test_monetization.TestAdminMonetization" name="test_overview" time="0.775" /><testcase classname="tests.test_monetization.TestCVProfessionalRegression" name="test_budi_still_active" time="0.940" /><testcase classname="tests.test_monetization.TestAdminMonetization" name="test_payments_filters" time="0.641" /><testcase classname="tests.test_monetization.TestAdminMonetization" name="test_subscriptions_filter" time="0.218" /><testcase classname="tests.test_monetization.TestCVProfessionalRegression" name="test_new_candidate_no_access" time="0.785" /><testcase classname="tests.test_monetization.TestAdminMonetization" name="test_product_edit_and_revert" time="1.467" /><testcase classname="tests.test_monetization.TestCVProfessionalRegression" name="test_new_candidate_subscribe_and_admin_approve" time="1.626" /><testcase classname="tests.test_monetization.TestAdminMonetization" name="test_product_edit_validation" time="0.288" /><testcase classname="tests.test_monetization.TestCVProfessionalRegression" name="test_expired_sub_shows_in_admin" time="0.155" /><testcase classname="tests.test_monetization.TestAdminMonetization" name="test_payment_settings" time="1.176" /><testcase classname="tests.test_monetization.TestFreeCompanyQuota" name="test_new_company_free_entitlement" time="0.783" /><testcase classname="tests.test_monetization.TestFreeCompanyQuota" name="test_first_job_succeeds_and_second_403" time="0.625" /><testcase classname="tests.test_monetization.TestAdminMonetization" name="test_audit_logs" time="0.117" /><testcase classname="tests.test_monetization.TestAdminMonetization" name="test_extend_and_cancel_subscription" time="1.017" /><testcase classname="tests.test_monetization.TestFreeCompanyQuota" name="test_admin_approve_sets_expires_at_plus_listing_days" time="0.321" /><testcase classname="tests.test_monetization.TestCompanyMembershipFlow" name="test_submit_payment_and_admin_approve" time="1.236" /><testcase classname="tests.test_monetization.TestSecurity" name="test_anon_overview_401" time="0.128" /><testcase classname="tests.test_monetization.TestSecurity" name="test_candidate_overview_403" time="0.226" /><testcase classname="tests.test_monetization.TestSecurity" name="test_anon_entitlement_401" time="0.134" /><testcase classname="tests.test_monetization.TestProducts" name="test_products_seeded_correctly" time="0.180" /><testcase classname="tests.test_monetization.TestProducts" name="test_public_membership_products" time="0.314" /><testcase classname="tests.test_monetization.TestCompanyMembershipFlow" name="test_member_can_post_multiple_and_expires_at_30d" time="0.741" /><testcase classname="tests.test_monetization.TestEntitlementSeparation" name="test_candidate_cannot_access_company_endpoints" time="0.142" /><testcase classname="tests.test_monetization.TestCompanyMembershipFlow" name="test_renewal_extends_not_creates_duplicate" time="1.951" /><testcase classname="tests.test_monetization.TestEntitlementSeparation" name="test_company_cannot_get_cv_professional_access" time="0.608" /><testcase classname="tests.test_monetization.TestRegression" name="test_homepage_backend" time="0.170" /><testcase classname="tests.test_monetization.TestRegression" name="test_admin_stats" time="0.271" /></testsuite></testsuites>