<?xml version="1.0" encoding="utf-8"?><testsuites name="pytest tests"><testsuite name="pytest" errors="0" failures="0" skipped="0" tests="28" time="8.441" timestamp="2026-08-24T06:14:52.361778+00:00" hostname="agent-env-e4c11064-d6a8-46f6-aef9-82b52eb6f2c3"><testcase classname="tests.backend_test" name="test_root" time="0.286" /><testcase classname="tests.backend_test" name="test_meta" time="0.114" /><testcase classname="tests.backend_test" name="test_admin_login" time="0.327" /><testcase classname="tests.backend_test" name="test_wrong_password_fails" time="0.127" /><testcase classname="tests.backend_test" name="test_auth_me" time="0.429" /><testcase classname="tests.backend_test" name="test_auth_me_no_token" time="0.094" /><testcase classname="tests.backend_test" name="test_list_jobs" time="0.125" /><testcase classname="tests.backend_test" name="test_jobs_filter_location" time="0.100" /><testcase classname="tests.backend_test" name="test_jobs_search_keyword" time="0.116" /><testcase classname="tests.backend_test" name="test_job_detail" time="0.224" /><testcase classname="tests.backend_test" name="test_pending_job_not_public" time="0.670" /><testcase classname="tests.backend_test" name="test_rbac_candidate_cannot_admin" time="0.099" /><testcase classname="tests.backend_test" name="test_rbac_company_cannot_candidate" time="0.520" /><testcase classname="tests.backend_test" name="test_rbac_candidate_cannot_company" time="0.130" /><testcase classname="tests.backend_test" name="test_candidate_stats" time="0.099" /><testcase classname="tests.backend_test" name="test_candidate_applications_list" time="0.094" /><testcase classname="tests.backend_test" name="test_company_created_job_pending" time="0.138" /><testcase classname="tests.backend_test" name="test_company_jobs_list" time="0.128" /><testcase classname="tests.backend_test" name="test_admin_approve_job" time="0.562" /><testcase classname="tests.backend_test" name="test_candidate_apply_flow" time="0.588" /><testcase classname="tests.backend_test" name="test_company_sees_applicant" time="0.261" /><testcase classname="tests.backend_test" name="test_admin_stats" time="0.131" /><testcase classname="tests.backend_test" name="test_admin_companies_list" time="0.094" /><testcase classname="tests.backend_test" name="test_admin_verify_pending_company" time="0.382" /><testcase classname="tests.backend_test" name="test_admin_categories_crud" time="0.391" /><testcase classname="tests.backend_test" name="test_admin_reject_job" time="0.325" /><testcase classname="tests.backend_test" name="test_block_unblock_candidate" time="0.772" /><testcase classname="tests.backend_test" name="test_cv_download_requires_auth" time="0.582" /></testsuite></testsuites>